<?xml version="1.0" encoding="UTF-8"?>
<!-- Generated by org.testng.reporters.JUnitReportReporter -->
<testsuite skipped="0" hostname="w2008r2-vdi-srv" name="test.TestSites" tests="5" failures="0" timestamp="30 oct 2017 18:51:04 GMT" time="0.402" errors="0">
  <testcase name="testDeleteSite" time="0.012" classname="test.TestSites"/>
  <testcase name="testUpdateSite" time="0.036" classname="test.TestSites"/>
  <testcase name="testGetSite" time="0.024" classname="test.TestSites"/>
  <testcase name="testGetSites" time="0.025" classname="test.TestSites"/>
  <testcase name="testCrearSites" time="0.305" classname="test.TestSites"/>
</testsuite> <!-- test.TestSites -->
