<?xml version="1.0" encoding="UTF-8"?>
<!-- Generated by org.testng.reporters.JUnitReportReporter -->
<testsuite skipped="0" hostname="w2008r2-vdi-srv" name="test.TestCalendars" tests="5" failures="0" timestamp="30 oct 2017 18:51:08 GMT" time="0.581" errors="0">
  <testcase name="testGetCalendars" time="0.040" classname="test.TestCalendars"/>
  <testcase name="testUpdateCalendar" time="0.040" classname="test.TestCalendars"/>
  <testcase name="testGetCalendar" time="0.013" classname="test.TestCalendars"/>
  <testcase name="testCrearCalendars" time="0.450" classname="test.TestCalendars"/>
  <testcase name="testDeleteCalendar" time="0.038" classname="test.TestCalendars"/>
</testsuite> <!-- test.TestCalendars -->
