<?xml version="1.0" encoding="UTF-8"?>
<!-- Generated by org.testng.reporters.JUnitReportReporter -->
<testsuite skipped="0" hostname="w2008r2-vdi-srv" name="test.TestUsers" tests="5" failures="0" timestamp="30 oct 2017 18:51:00 GMT" time="2.936" errors="0">
  <testcase name="testDeleteUser" time="0.581" classname="test.TestUsers"/>
  <testcase name="testUpdateUser" time="0.037" classname="test.TestUsers"/>
  <testcase name="testGetUser" time="0.037" classname="test.TestUsers"/>
  <testcase name="testGetUsers" time="0.065" classname="test.TestUsers"/>
  <testcase name="testCrearUsers" time="2.216" classname="test.TestUsers"/>
</testsuite> <!-- test.TestUsers -->
