<?xml version="1.0" encoding="UTF-8"?>
<!-- Generated by org.testng.reporters.JUnitReportReporter -->
<testsuite skipped="0" hostname="Marcos-PC" name="test.TestCalendars" tests="5" failures="0" timestamp="31 oct 2017 20:44:10 GMT" time="1.044" errors="0">
  <testcase name="testGetCalendars" time="0.016" classname="test.TestCalendars"/>
  <testcase name="testUpdateCalendar" time="0.062" classname="test.TestCalendars"/>
  <testcase name="testGetCalendar" time="0.000" classname="test.TestCalendars"/>
  <testcase name="testCrearCalendars" time="0.918" classname="test.TestCalendars"/>
  <testcase name="testDeleteCalendar" time="0.048" classname="test.TestCalendars"/>
</testsuite> <!-- test.TestCalendars -->
