<?xml version="1.0" encoding="UTF-8"?>
<!-- Generated by org.testng.reporters.JUnitReportReporter -->
<testsuite skipped="0" hostname="w2008r2-vdi-srv" name="test.TestUsers" tests="2" failures="0" timestamp="27 oct 2017 19:30:00 GMT" time="4.057" errors="0">
  <testcase name="testUpdateUser" time="0.716" classname="test.TestUsers"/>
  <testcase name="testCrearUsers" time="3.341" classname="test.TestUsers"/>
</testsuite> <!-- test.TestUsers -->
