<?xml version="1.0" encoding="UTF-8"?>
<!-- Generated by org.testng.reporters.JUnitReportReporter -->
<testsuite skipped="0" hostname="Marcos-PC" name="test.TestMeetings" tests="8" failures="0" timestamp="31 oct 2017 20:44:15 GMT" time="1.211" errors="0">
  <testcase name="testGetMeetingsByUserBetweenDates" time="0.016" classname="test.TestMeetings"/>
  <testcase name="testGetOverlapMeetings" time="0.000" classname="test.TestMeetings"/>
  <testcase name="testDeleteMeeting" time="0.078" classname="test.TestMeetings"/>
  <testcase name="testGetMeetingsByUserAndDay" time="0.031" classname="test.TestMeetings"/>
  <testcase name="testGetMeeting" time="0.015" classname="test.TestMeetings"/>
  <testcase name="testUpdateMeeting" time="0.021" classname="test.TestMeetings"/>
  <testcase name="testGetMeetings" time="0.027" classname="test.TestMeetings"/>
  <testcase name="testCrearMeetings" time="1.023" classname="test.TestMeetings"/>
</testsuite> <!-- test.TestMeetings -->
