<?xml version="1.0" encoding="UTF-8"?>
<!-- Generated by org.testng.reporters.JUnitReportReporter -->
<testsuite skipped="0" hostname="Marcos-PC" name="test.TestMeetings" tests="8" failures="0" timestamp="30 oct 2017 14:45:39 GMT" time="1.257" errors="0">
  <testcase name="testGetMeetingsByUserBetweenDates" time="0.016" classname="test.TestMeetings"/>
  <testcase name="testGetOverlapMeetings" time="0.017" classname="test.TestMeetings"/>
  <testcase name="testDeleteMeeting" time="0.084" classname="test.TestMeetings"/>
  <testcase name="testGetMeetingsByUserAndDay" time="0.105" classname="test.TestMeetings"/>
  <testcase name="testGetMeeting" time="0.000" classname="test.TestMeetings"/>
  <testcase name="testUpdateMeeting" time="0.031" classname="test.TestMeetings"/>
  <testcase name="testGetMeetings" time="0.016" classname="test.TestMeetings"/>
  <testcase name="testCrearMeetings" time="0.988" classname="test.TestMeetings"/>
</testsuite> <!-- test.TestMeetings -->
