<?xml version="1.0" encoding="UTF-8"?>
<!-- Generated by org.testng.reporters.JUnitReportReporter -->
<testsuite skipped="0" hostname="w2008r2-vdi-srv" name="test.Test2daEntrega" tests="2" failures="0" timestamp="23 oct 2017 20:18:12 GMT" time="2.943" errors="0">
  <testcase name="testGetUsers" time="0.038" classname="test.Test2daEntrega"/>
  <testcase name="testCrearUsers" time="2.905" classname="test.Test2daEntrega"/>
</testsuite> <!-- test.Test2daEntrega -->
