<?xml version="1.0" encoding="UTF-8"?>
<!-- Generated by org.testng.reporters.JUnitReportReporter -->
<testsuite skipped="0" hostname="Marcos-PC" name="test.TestToken" tests="1" failures="0" timestamp="27 oct 2017 15:47:52 GMT" time="0.141" errors="0">
  <testcase name="testUsuarioREST" time="0.141" classname="test.TestToken"/>
</testsuite> <!-- test.TestToken -->
