<?xml version="1.0" encoding="UTF-8"?>
<!-- Generated by org.testng.reporters.JUnitReportReporter -->
<testsuite skipped="0" hostname="Marcos-PC" name="test.TestUsers" tests="5" failures="0" timestamp="31 oct 2017 20:41:57 GMT" time="2.983" errors="0">
  <testcase name="testDeleteUser" time="0.350" classname="test.TestUsers"/>
  <testcase name="testUpdateUser" time="0.016" classname="test.TestUsers"/>
  <testcase name="testGetUser" time="0.015" classname="test.TestUsers"/>
  <testcase name="testGetUsers" time="0.016" classname="test.TestUsers"/>
  <testcase name="testCrearUsers" time="2.586" classname="test.TestUsers"/>
</testsuite> <!-- test.TestUsers -->
