<?xml version="1.0" encoding="UTF-8"?>
<!-- Generated by org.testng.reporters.JUnitReportReporter -->
<testsuite skipped="0" hostname="Marcos-PC" name="test.TestSites" tests="5" failures="0" timestamp="31 oct 2017 20:44:01 GMT" time="0.655" errors="0">
  <testcase name="testDeleteSite" time="0.059" classname="test.TestSites"/>
  <testcase name="testUpdateSite" time="0.062" classname="test.TestSites"/>
  <testcase name="testGetSite" time="0.016" classname="test.TestSites"/>
  <testcase name="testGetSites" time="0.016" classname="test.TestSites"/>
  <testcase name="testCrearSites" time="0.502" classname="test.TestSites"/>
</testsuite> <!-- test.TestSites -->
