<?xml version="1.0" encoding="UTF-8"?>
<!-- Generated by org.testng.reporters.JUnitReportReporter -->
<testsuite skipped="0" hostname="w2008r2-vdi-srv" name="test.TestMeetings" tests="8" failures="0" timestamp="30 oct 2017 18:51:13 GMT" time="1.011" errors="0">
  <testcase name="testGetMeetingsByUserBetweenDates" time="0.040" classname="test.TestMeetings"/>
  <testcase name="testGetOverlapMeetings" time="0.039" classname="test.TestMeetings"/>
  <testcase name="testDeleteMeeting" time="0.056" classname="test.TestMeetings"/>
  <testcase name="testGetMeetingsByUserAndDay" time="0.080" classname="test.TestMeetings"/>
  <testcase name="testGetMeeting" time="0.073" classname="test.TestMeetings"/>
  <testcase name="testUpdateMeeting" time="0.027" classname="test.TestMeetings"/>
  <testcase name="testGetMeetings" time="0.053" classname="test.TestMeetings"/>
  <testcase name="testCrearMeetings" time="0.643" classname="test.TestMeetings"/>
</testsuite> <!-- test.TestMeetings -->
