<?xml version="1.0" encoding="UTF-8"?>
<!-- Generated by org.testng.reporters.JUnitReportReporter -->
<testsuite skipped="0" hostname="Marcos-PC" name="test.TestUsers" tests="5" failures="0" timestamp="30 oct 2017 14:45:30 GMT" time="3.033" errors="0">
  <testcase name="testDeleteUser" time="0.325" classname="test.TestUsers"/>
  <testcase name="testUpdateUser" time="0.021" classname="test.TestUsers"/>
  <testcase name="testGetUser" time="0.019" classname="test.TestUsers"/>
  <testcase name="testGetUsers" time="0.018" classname="test.TestUsers"/>
  <testcase name="testCrearUsers" time="2.650" classname="test.TestUsers"/>
</testsuite> <!-- test.TestUsers -->
